<?xml version="1.0" encoding="UTF-8"?>
<!-- Generated by org.testng.reporters.JUnitXMLReporter -->
<testsuite hostname="DESKTOP-J0GCRCT" ignored="0" name="Test" tests="13" failures="2" timestamp="17 Feb 2023 08:07:52 GMT" time="39.337" errors="0">
  <testcase name="tc1" time="0.398" classname="org.testing.Test2"/>
  <testcase name="tc2" time="0.343" classname="org.testing.Test2"/>
  <testcase name="tc2" time="0.388" classname="org.testing.Test2"/>
  <testcase name="tc3" time="0.253" classname="org.testing.Test2">
    <skipped/>
  </testcase> <!-- tc3 -->
  <testcase name="tc3" time="0.195" classname="org.testing.Test2">
    <skipped/>
  </testcase> <!-- tc3 -->
  <testcase name="tc3" time="0.177" classname="org.testing.Test2">
    <failure type="java.lang.AssertionError" message="The following asserts failed:
	expected [hai@gmail.com] but found [[[ChromeDriver: chrome on WINDOWS (baf574c943aad5d77f6ad8dee10d334f)] -&amp;gt; id: email]]">
      <![CDATA[java.lang.AssertionError: The following asserts failed:
expected [hai@gmail.com] but found [[[ChromeDriver: chrome on WINDOWS (baf574c943aad5d77f6ad8dee10d334f)] -> id: email]]
at org.testing.Test2.tc3(Test2.java:65)
... Removed 26 stack frames]]>
    </failure>
  </testcase> <!-- tc3 -->
  <testcase name="tc5" time="0.342" classname="org.testing.Test2"/>
  <testcase name="tc1" time="0.35" classname="org.testing.Test1"/>
  <testcase name="tc1" time="0.335" classname="org.testing.Test1"/>
  <testcase name="tc2" time="0.194" classname="org.testing.Test1">
    <skipped/>
  </testcase> <!-- tc2 -->
  <testcase name="tc2" time="0.161" classname="org.testing.Test1">
    <skipped/>
  </testcase> <!-- tc2 -->
  <testcase name="tc2" time="0.195" classname="org.testing.Test1">
    <failure type="java.lang.AssertionError" message="The following asserts failed:
	expected [hai@gmail.com] but found [[[ChromeDriver: chrome on WINDOWS (14ebd55a6d6270f745bcdefd8e9af79b)] -&amp;gt; id: email]]">
      <![CDATA[java.lang.AssertionError: The following asserts failed:
expected [hai@gmail.com] but found [[[ChromeDriver: chrome on WINDOWS (14ebd55a6d6270f745bcdefd8e9af79b)] -> id: email]]
at org.testing.Test1.tc2(Test1.java:65)
... Removed 26 stack frames]]>
    </failure>
  </testcase> <!-- tc2 -->
  <testcase name="tc3" time="0.356" classname="org.testing.Test1"/>
</testsuite> <!-- Test -->
