<?xml version="1.0" encoding="UTF-8"?>
<!-- Generated by org.testng.reporters.JUnitXMLReporter -->
<testsuite hostname="DESKTOP-J0GCRCT" ignored="5" name="Test(failed)" tests="2" failures="2" timestamp="17 Feb 2023 08:02:23 GMT" time="8.037" errors="0">
  <testcase name="tc3" time="0.268" classname="org.testing.Test2">
    <failure type="java.lang.AssertionError" message="The following asserts failed:
	expected [hai@gmail.com] but found [[[ChromeDriver: chrome on WINDOWS (058b0ef84f4e9ffcb8822d4debb8db20)] -&amp;gt; id: email]]">
      <![CDATA[java.lang.AssertionError: The following asserts failed:
expected [hai@gmail.com] but found [[[ChromeDriver: chrome on WINDOWS (058b0ef84f4e9ffcb8822d4debb8db20)] -> id: email]]
at org.testing.Test2.tc3(Test2.java:65)
... Removed 26 stack frames]]>
    </failure>
  </testcase> <!-- tc3 -->
  <testcase name="tc2" time="0.18" classname="org.testing.Test1">
    <failure type="java.lang.AssertionError" message="The following asserts failed:
	expected [hai@gmail.com] but found [[[ChromeDriver: chrome on WINDOWS (61bcbb9a11f140dbdb0b591aeb4db574)] -&amp;gt; id: email]]">
      <![CDATA[java.lang.AssertionError: The following asserts failed:
expected [hai@gmail.com] but found [[[ChromeDriver: chrome on WINDOWS (61bcbb9a11f140dbdb0b591aeb4db574)] -> id: email]]
at org.testing.Test1.tc2(Test1.java:65)
... Removed 26 stack frames]]>
    </failure>
  </testcase> <!-- tc2 -->
  <testcase name="tc1" time="0.0" classname="org.testing.Test2">
    <ignored/>
  </testcase> <!-- tc1 -->
  <testcase name="tc2" time="0.0" classname="org.testing.Test2">
    <ignored/>
  </testcase> <!-- tc2 -->
  <testcase name="tc5" time="0.0" classname="org.testing.Test2">
    <ignored/>
  </testcase> <!-- tc5 -->
  <testcase name="tc3" time="0.0" classname="org.testing.Test1">
    <ignored/>
  </testcase> <!-- tc3 -->
  <testcase name="tc1" time="0.0" classname="org.testing.Test1">
    <ignored/>
  </testcase> <!-- tc1 -->
</testsuite> <!-- Test(failed) -->
