<!DOCTYPE html PUBLIC "-//W3C//DTD XHTML 1.1//EN" "http://www.w3.org/TR/xhtml11/DTD/xhtml11.dtd">
<html xmlns="http://www.w3.org/1999/xhtml">
<head>
<meta http-equiv="content-type" content="text/html; charset=UTF-8"/>
<title>TestNG Report</title>
<style type="text/css">table {margin-bottom:10px;border-collapse:collapse;empty-cells:show}th,td {border:1px solid #009;padding:.25em .5em}th {vertical-align:bottom}td {vertical-align:top}table a {font-weight:bold}.stripe td {background-color: #E6EBF9}.num {text-align:right}.passedodd td {background-color: #3F3}.passedeven td {background-color: #0A0}.skippedodd td {background-color: #DDD}.skippedeven td {background-color: #CCC}.failedodd td,.attn {background-color: #F33}.failedeven td,.stripe .attn {background-color: #D00}.stacktrace {white-space:pre;font-family:monospace}.totop {font-size:85%;text-align:center;border-bottom:2px solid #000}.invisible {display:none}</style>
</head>
<body>
<table>
<tr><th>Test</th><th># Passed</th><th># Skipped</th><th># Failed</th><th>Time (ms)</th><th>Included Groups</th><th>Excluded Groups</th></tr>
<tr><th colspan="7">Suite</th></tr>
<tr><td><a href="#t0">Test</a></td><td class="num">7</td><td class="num attn">4</td><td class="num attn">2</td><td class="num">39,337</td><td></td><td></td></tr>
</table>
<table id='summary'><thead><tr><th>Class</th><th>Method</th><th>Start</th><th>Time (ms)</th></tr></thead><tbody><tr><th colspan="4">Suite</th></tr></tbody><tbody id="t0"><tr><th colspan="4">Test &#8212; failed</th></tr><tr class="failedeven"><td rowspan="1">org.testing.Test1</td><td><a href="#m0">tc2</a></td><td rowspan="1">1676621269088</td><td rowspan="1">195</td></tr><tr class="failedodd"><td rowspan="1">org.testing.Test2</td><td><a href="#m1">tc3</a></td><td rowspan="1">1676621251527</td><td rowspan="1">177</td></tr><tr><th colspan="4">Test &#8212; skipped</th></tr><tr class="skippedeven"><td rowspan="2">org.testing.Test1</td><td><a href="#m2">tc2</a></td><td rowspan="2">1676621263526</td><td rowspan="2">194</td></tr><tr class="skippedeven"><td><a href="#m3">tc2</a></td></tr><tr class="skippedodd"><td rowspan="2">org.testing.Test2</td><td><a href="#m4">tc3</a></td><td rowspan="2">1676621248742</td><td rowspan="2">195</td></tr><tr class="skippedodd"><td><a href="#m5">tc3</a></td></tr><tr><th colspan="4">Test &#8212; passed</th></tr><tr class="passedeven"><td rowspan="3">org.testing.Test1</td><td><a href="#m6">tc1</a></td><td rowspan="2">1676621257661</td><td rowspan="2">350</td></tr><tr class="passedeven"><td><a href="#m7">tc1</a></td></tr><tr class="passedeven"><td><a href="#m8">tc3</a></td><td rowspan="1">1676621272000</td><td rowspan="1">356</td></tr><tr class="passedodd"><td rowspan="4">org.testing.Test2</td><td><a href="#m9">tc1</a></td><td rowspan="1">1676621236487</td><td rowspan="1">398</td></tr><tr class="passedodd"><td><a href="#m10">tc2</a></td><td rowspan="2">1676621242897</td><td rowspan="2">388</td></tr><tr class="passedodd"><td><a href="#m11">tc2</a></td></tr><tr class="passedodd"><td><a href="#m12">tc5</a></td><td rowspan="1">1676621254688</td><td rowspan="1">342</td></tr></tbody>
</table>
<h2>Test</h2><h3 id="m0">org.testing.Test1#tc2</h3><table class="result"><tr><th>Exception</th></tr><tr><td><div class="stacktrace">java.lang.AssertionError: The following asserts failed:
	expected [hai@gmail.com] but found [[[ChromeDriver: chrome on WINDOWS (14ebd55a6d6270f745bcdefd8e9af79b)] -&gt; id: email]]
	at org.testing.Test1.tc2(Test1.java:65)
... Removed 26 stack frames</div></td></tr></table><p class="totop"><a href="#summary">back to summary</a></p>
<h3 id="m1">org.testing.Test2#tc3</h3><table class="result"><tr><th>Exception</th></tr><tr><td><div class="stacktrace">java.lang.AssertionError: The following asserts failed:
	expected [hai@gmail.com] but found [[[ChromeDriver: chrome on WINDOWS (baf574c943aad5d77f6ad8dee10d334f)] -&gt; id: email]]
	at org.testing.Test2.tc3(Test2.java:65)
... Removed 26 stack frames</div></td></tr></table><p class="totop"><a href="#summary">back to summary</a></p>
<h3 id="m2">org.testing.Test1#tc2</h3><table class="result"><tr><th>Exception</th></tr><tr><td><div class="stacktrace">java.lang.AssertionError: The following asserts failed:
	expected [hai@gmail.com] but found [[[ChromeDriver: chrome on WINDOWS (22c306a021e08689066041946d645643)] -&gt; id: email]]
	at org.testing.Test1.tc2(Test1.java:65)
... Removed 26 stack frames</div></td></tr></table><p class="totop"><a href="#summary">back to summary</a></p>
<h3 id="m3">org.testing.Test1#tc2</h3><table class="result"><tr><th>Exception</th></tr><tr><td><div class="stacktrace">java.lang.AssertionError: The following asserts failed:
	expected [hai@gmail.com] but found [[[ChromeDriver: chrome on WINDOWS (37d528d4c7ddba8228bbcb5ccacf74f7)] -&gt; id: email]]
	at org.testing.Test1.tc2(Test1.java:65)
... Removed 26 stack frames</div></td></tr></table><p class="totop"><a href="#summary">back to summary</a></p>
<h3 id="m4">org.testing.Test2#tc3</h3><table class="result"><tr><th>Exception</th></tr><tr><td><div class="stacktrace">java.lang.AssertionError: The following asserts failed:
	expected [hai@gmail.com] but found [[[ChromeDriver: chrome on WINDOWS (5b9cdf8ac0debf1bb6cb13033746cd34)] -&gt; id: email]]
	at org.testing.Test2.tc3(Test2.java:65)
... Removed 26 stack frames</div></td></tr></table><p class="totop"><a href="#summary">back to summary</a></p>
<h3 id="m5">org.testing.Test2#tc3</h3><table class="result"><tr><th>Exception</th></tr><tr><td><div class="stacktrace">java.lang.AssertionError: The following asserts failed:
	expected [hai@gmail.com] but found [[[ChromeDriver: chrome on WINDOWS (3314a4fe4424ac656d82d6712961ba79)] -&gt; id: email]]
	at org.testing.Test2.tc3(Test2.java:65)
... Removed 26 stack frames</div></td></tr></table><p class="totop"><a href="#summary">back to summary</a></p>
<h3 id="m6">org.testing.Test1#tc1</h3><table class="result"><tr class="param"><th>Parameter #1</th><th>Parameter #2</th></tr><tr class="param stripe"><td>pragthis@gmail.com</td><td>54566</td></tr></table><p class="totop"><a href="#summary">back to summary</a></p>
<h3 id="m7">org.testing.Test1#tc1</h3><table class="result"><tr class="param"><th>Parameter #1</th><th>Parameter #2</th></tr><tr class="param stripe"><td>Rakesh@gmail.com</td><td>452665</td></tr></table><p class="totop"><a href="#summary">back to summary</a></p>
<h3 id="m8">org.testing.Test1#tc3</h3><table class="result"><tr><th class="invisible"/></tr></table><p class="totop"><a href="#summary">back to summary</a></p>
<h3 id="m9">org.testing.Test2#tc1</h3><table class="result"><tr><th class="invisible"/></tr></table><p class="totop"><a href="#summary">back to summary</a></p>
<h3 id="m10">org.testing.Test2#tc2</h3><table class="result"><tr class="param"><th>Parameter #1</th><th>Parameter #2</th></tr><tr class="param stripe"><td>Rakesh@gmail.com</td><td>452665</td></tr></table><p class="totop"><a href="#summary">back to summary</a></p>
<h3 id="m11">org.testing.Test2#tc2</h3><table class="result"><tr class="param"><th>Parameter #1</th><th>Parameter #2</th></tr><tr class="param stripe"><td>pragthis@gmail.com</td><td>54566</td></tr></table><p class="totop"><a href="#summary">back to summary</a></p>
<h3 id="m12">org.testing.Test2#tc5</h3><table class="result"><tr><th class="invisible"/></tr></table><p class="totop"><a href="#summary">back to summary</a></p>
</body>
</html>
