<?xml version="1.0" encoding="UTF-8"?>
<testng-results skipped="4" failed="2" ignored="0" total="13" passed="7">
  <reporter-output>
  </reporter-output>
  <suite name="Suite" duration-ms="39337" started-at="2023-02-17T08:07:13Z" finished-at="2023-02-17T08:07:52Z">
    <groups>
      <group name="reg">
        <method signature="Test1.tc3()[pri:0, instance:org.testing.Test1@1a0dcaa]" name="tc3" class="org.testing.Test1"/>
      </group> <!-- reg -->
      <group name="smoke">
        <method signature="Test2.tc5()[pri:0, instance:org.testing.Test2@19d37183]" name="tc5" class="org.testing.Test2"/>
      </group> <!-- smoke -->
    </groups>
    <test name="Test" duration-ms="39337" started-at="2023-02-17T08:07:13Z" finished-at="2023-02-17T08:07:52Z">
      <class name="org.testing.Test2">
        <test-method status="PASS" signature="startTime()[pri:0, instance:org.testing.Test2@19d37183]" name="startTime" is-config="true" duration-ms="20" started-at="2023-02-17T08:07:13Z" finished-at="2023-02-17T08:07:13Z">
          <reporter-output>
          </reporter-output>
        </test-method> <!-- startTime -->
        <test-method status="PASS" signature="startBrowser()[pri:0, instance:org.testing.Test2@19d37183]" name="startBrowser" is-config="true" duration-ms="3287" started-at="2023-02-17T08:07:13Z" finished-at="2023-02-17T08:07:16Z">
          <reporter-output>
          </reporter-output>
        </test-method> <!-- startBrowser -->
        <test-method status="PASS" signature="tc1()[pri:0, instance:org.testing.Test2@19d37183]" name="tc1" duration-ms="398" started-at="2023-02-17T08:07:16Z" finished-at="2023-02-17T08:07:16Z">
          <reporter-output>
          </reporter-output>
        </test-method> <!-- tc1 -->
        <test-method status="PASS" signature="closeBrowser()[pri:0, instance:org.testing.Test2@19d37183]" name="closeBrowser" is-config="true" duration-ms="140" started-at="2023-02-17T08:07:16Z" finished-at="2023-02-17T08:07:17Z">
          <reporter-output>
          </reporter-output>
        </test-method> <!-- closeBrowser -->
        <test-method status="PASS" signature="startBrowser()[pri:0, instance:org.testing.Test2@19d37183]" name="startBrowser" is-config="true" duration-ms="2496" started-at="2023-02-17T08:07:17Z" finished-at="2023-02-17T08:07:19Z">
          <reporter-output>
          </reporter-output>
        </test-method> <!-- startBrowser -->
        <test-method status="PASS" signature="tc2(java.lang.String, java.lang.String)[pri:0, instance:org.testing.Test2@19d37183]" name="tc2" duration-ms="343" started-at="2023-02-17T08:07:19Z" data-provider="datas" finished-at="2023-02-17T08:07:19Z">
          <params>
            <param index="0">
              <value>
                <![CDATA[pragthis@gmail.com]]>
              </value>
            </param>
            <param index="1">
              <value>
                <![CDATA[54566]]>
              </value>
            </param>
          </params>
          <reporter-output>
          </reporter-output>
        </test-method> <!-- tc2 -->
        <test-method status="PASS" signature="closeBrowser()[pri:0, instance:org.testing.Test2@19d37183]" name="closeBrowser" is-config="true" duration-ms="141" started-at="2023-02-17T08:07:19Z" finished-at="2023-02-17T08:07:20Z">
          <reporter-output>
          </reporter-output>
        </test-method> <!-- closeBrowser -->
        <test-method status="PASS" signature="startBrowser()[pri:0, instance:org.testing.Test2@19d37183]" name="startBrowser" is-config="true" duration-ms="2881" started-at="2023-02-17T08:07:20Z" finished-at="2023-02-17T08:07:22Z">
          <reporter-output>
          </reporter-output>
        </test-method> <!-- startBrowser -->
        <test-method status="PASS" signature="tc2(java.lang.String, java.lang.String)[pri:0, instance:org.testing.Test2@19d37183]" name="tc2" duration-ms="388" started-at="2023-02-17T08:07:22Z" data-provider="datas" finished-at="2023-02-17T08:07:23Z">
          <params>
            <param index="0">
              <value>
                <![CDATA[Rakesh@gmail.com]]>
              </value>
            </param>
            <param index="1">
              <value>
                <![CDATA[452665]]>
              </value>
            </param>
          </params>
          <reporter-output>
          </reporter-output>
        </test-method> <!-- tc2 -->
        <test-method status="PASS" signature="closeBrowser()[pri:0, instance:org.testing.Test2@19d37183]" name="closeBrowser" is-config="true" duration-ms="140" started-at="2023-02-17T08:07:23Z" finished-at="2023-02-17T08:07:23Z">
          <reporter-output>
          </reporter-output>
        </test-method> <!-- closeBrowser -->
        <test-method status="PASS" signature="startBrowser()[pri:0, instance:org.testing.Test2@19d37183]" name="startBrowser" is-config="true" duration-ms="2428" started-at="2023-02-17T08:07:23Z" finished-at="2023-02-17T08:07:25Z">
          <reporter-output>
          </reporter-output>
        </test-method> <!-- startBrowser -->
        <test-method status="SKIP" signature="tc3()[pri:0, instance:org.testing.Test2@19d37183]" name="tc3" duration-ms="253" started-at="2023-02-17T08:07:25Z" finished-at="2023-02-17T08:07:26Z">
          <exception class="java.lang.AssertionError">
            <message>
              <![CDATA[The following asserts failed:
expected [hai@gmail.com] but found [[[ChromeDriver: chrome on WINDOWS (3314a4fe4424ac656d82d6712961ba79)] -> id: email]]]]>
            </message>
            <full-stacktrace>
              <![CDATA[java.lang.AssertionError: The following asserts failed:
expected [hai@gmail.com] but found [[[ChromeDriver: chrome on WINDOWS (3314a4fe4424ac656d82d6712961ba79)] -> id: email]]
at org.testng.asserts.SoftAssert.assertAll(SoftAssert.java:43)
at org.testing.Test2.tc3(Test2.java:65)
at sun.reflect.NativeMethodAccessorImpl.invoke0(Native Method)
at sun.reflect.NativeMethodAccessorImpl.invoke(Unknown Source)
at sun.reflect.DelegatingMethodAccessorImpl.invoke(Unknown Source)
at java.lang.reflect.Method.invoke(Unknown Source)
at org.testng.internal.MethodInvocationHelper.invokeMethod(MethodInvocationHelper.java:124)
at org.testng.internal.Invoker.invokeMethod(Invoker.java:583)
at org.testng.internal.Invoker.invokeTestMethod(Invoker.java:719)
at org.testng.internal.Invoker.invokeTestMethods(Invoker.java:989)
at org.testng.internal.TestMethodWorker.invokeTestMethods(TestMethodWorker.java:125)
at org.testng.internal.TestMethodWorker.run(TestMethodWorker.java:109)
at org.testng.TestRunner.privateRun(TestRunner.java:648)
at org.testng.TestRunner.run(TestRunner.java:505)
at org.testng.SuiteRunner.runTest(SuiteRunner.java:455)
at org.testng.SuiteRunner.runSequentially(SuiteRunner.java:450)
at org.testng.SuiteRunner.privateRun(SuiteRunner.java:415)
at org.testng.SuiteRunner.run(SuiteRunner.java:364)
at org.testng.SuiteRunnerWorker.runSuite(SuiteRunnerWorker.java:52)
at org.testng.SuiteRunnerWorker.run(SuiteRunnerWorker.java:84)
at org.testng.TestNG.runSuitesSequentially(TestNG.java:1208)
at org.testng.TestNG.runSuitesLocally(TestNG.java:1137)
at org.testng.TestNG.runSuites(TestNG.java:1049)
at org.testng.TestNG.run(TestNG.java:1017)
at org.testng.remote.AbstractRemoteTestNG.run(AbstractRemoteTestNG.java:115)
at org.testng.remote.RemoteTestNG.initAndRun(RemoteTestNG.java:251)
at org.testng.remote.RemoteTestNG.main(RemoteTestNG.java:77)
]]>
            </full-stacktrace>
          </exception> <!-- java.lang.AssertionError -->
          <reporter-output>
          </reporter-output>
        </test-method> <!-- tc3 -->
        <test-method status="PASS" signature="closeBrowser()[pri:0, instance:org.testing.Test2@19d37183]" name="closeBrowser" is-config="true" duration-ms="163" started-at="2023-02-17T08:07:26Z" finished-at="2023-02-17T08:07:26Z">
          <reporter-output>
          </reporter-output>
        </test-method> <!-- closeBrowser -->
        <test-method status="PASS" signature="startBrowser()[pri:0, instance:org.testing.Test2@19d37183]" name="startBrowser" is-config="true" duration-ms="2467" started-at="2023-02-17T08:07:26Z" finished-at="2023-02-17T08:07:28Z">
          <reporter-output>
          </reporter-output>
        </test-method> <!-- startBrowser -->
        <test-method status="SKIP" signature="tc3()[pri:0, instance:org.testing.Test2@19d37183]" name="tc3" duration-ms="195" started-at="2023-02-17T08:07:28Z" finished-at="2023-02-17T08:07:28Z">
          <exception class="java.lang.AssertionError">
            <message>
              <![CDATA[The following asserts failed:
expected [hai@gmail.com] but found [[[ChromeDriver: chrome on WINDOWS (5b9cdf8ac0debf1bb6cb13033746cd34)] -> id: email]]]]>
            </message>
            <full-stacktrace>
              <![CDATA[java.lang.AssertionError: The following asserts failed:
expected [hai@gmail.com] but found [[[ChromeDriver: chrome on WINDOWS (5b9cdf8ac0debf1bb6cb13033746cd34)] -> id: email]]
at org.testng.asserts.SoftAssert.assertAll(SoftAssert.java:43)
at org.testing.Test2.tc3(Test2.java:65)
at sun.reflect.NativeMethodAccessorImpl.invoke0(Native Method)
at sun.reflect.NativeMethodAccessorImpl.invoke(Unknown Source)
at sun.reflect.DelegatingMethodAccessorImpl.invoke(Unknown Source)
at java.lang.reflect.Method.invoke(Unknown Source)
at org.testng.internal.MethodInvocationHelper.invokeMethod(MethodInvocationHelper.java:124)
at org.testng.internal.Invoker.invokeMethod(Invoker.java:583)
at org.testng.internal.Invoker.retryFailed(Invoker.java:839)
at org.testng.internal.Invoker.invokeTestMethods(Invoker.java:1010)
at org.testng.internal.TestMethodWorker.invokeTestMethods(TestMethodWorker.java:125)
at org.testng.internal.TestMethodWorker.run(TestMethodWorker.java:109)
at org.testng.TestRunner.privateRun(TestRunner.java:648)
at org.testng.TestRunner.run(TestRunner.java:505)
at org.testng.SuiteRunner.runTest(SuiteRunner.java:455)
at org.testng.SuiteRunner.runSequentially(SuiteRunner.java:450)
at org.testng.SuiteRunner.privateRun(SuiteRunner.java:415)
at org.testng.SuiteRunner.run(SuiteRunner.java:364)
at org.testng.SuiteRunnerWorker.runSuite(SuiteRunnerWorker.java:52)
at org.testng.SuiteRunnerWorker.run(SuiteRunnerWorker.java:84)
at org.testng.TestNG.runSuitesSequentially(TestNG.java:1208)
at org.testng.TestNG.runSuitesLocally(TestNG.java:1137)
at org.testng.TestNG.runSuites(TestNG.java:1049)
at org.testng.TestNG.run(TestNG.java:1017)
at org.testng.remote.AbstractRemoteTestNG.run(AbstractRemoteTestNG.java:115)
at org.testng.remote.RemoteTestNG.initAndRun(RemoteTestNG.java:251)
at org.testng.remote.RemoteTestNG.main(RemoteTestNG.java:77)
]]>
            </full-stacktrace>
          </exception> <!-- java.lang.AssertionError -->
          <reporter-output>
          </reporter-output>
        </test-method> <!-- tc3 -->
        <test-method status="PASS" signature="closeBrowser()[pri:0, instance:org.testing.Test2@19d37183]" name="closeBrowser" is-config="true" duration-ms="122" started-at="2023-02-17T08:07:28Z" finished-at="2023-02-17T08:07:29Z">
          <reporter-output>
          </reporter-output>
        </test-method> <!-- closeBrowser -->
        <test-method status="PASS" signature="startBrowser()[pri:0, instance:org.testing.Test2@19d37183]" name="startBrowser" is-config="true" duration-ms="2467" started-at="2023-02-17T08:07:29Z" finished-at="2023-02-17T08:07:31Z">
          <reporter-output>
          </reporter-output>
        </test-method> <!-- startBrowser -->
        <test-method status="FAIL" signature="tc3()[pri:0, instance:org.testing.Test2@19d37183]" name="tc3" duration-ms="177" started-at="2023-02-17T08:07:31Z" finished-at="2023-02-17T08:07:31Z">
          <exception class="java.lang.AssertionError">
            <message>
              <![CDATA[The following asserts failed:
expected [hai@gmail.com] but found [[[ChromeDriver: chrome on WINDOWS (baf574c943aad5d77f6ad8dee10d334f)] -> id: email]]]]>
            </message>
            <full-stacktrace>
              <![CDATA[java.lang.AssertionError: The following asserts failed:
expected [hai@gmail.com] but found [[[ChromeDriver: chrome on WINDOWS (baf574c943aad5d77f6ad8dee10d334f)] -> id: email]]
at org.testng.asserts.SoftAssert.assertAll(SoftAssert.java:43)
at org.testing.Test2.tc3(Test2.java:65)
at sun.reflect.NativeMethodAccessorImpl.invoke0(Native Method)
at sun.reflect.NativeMethodAccessorImpl.invoke(Unknown Source)
at sun.reflect.DelegatingMethodAccessorImpl.invoke(Unknown Source)
at java.lang.reflect.Method.invoke(Unknown Source)
at org.testng.internal.MethodInvocationHelper.invokeMethod(MethodInvocationHelper.java:124)
at org.testng.internal.Invoker.invokeMethod(Invoker.java:583)
at org.testng.internal.Invoker.retryFailed(Invoker.java:839)
at org.testng.internal.Invoker.invokeTestMethods(Invoker.java:1010)
at org.testng.internal.TestMethodWorker.invokeTestMethods(TestMethodWorker.java:125)
at org.testng.internal.TestMethodWorker.run(TestMethodWorker.java:109)
at org.testng.TestRunner.privateRun(TestRunner.java:648)
at org.testng.TestRunner.run(TestRunner.java:505)
at org.testng.SuiteRunner.runTest(SuiteRunner.java:455)
at org.testng.SuiteRunner.runSequentially(SuiteRunner.java:450)
at org.testng.SuiteRunner.privateRun(SuiteRunner.java:415)
at org.testng.SuiteRunner.run(SuiteRunner.java:364)
at org.testng.SuiteRunnerWorker.runSuite(SuiteRunnerWorker.java:52)
at org.testng.SuiteRunnerWorker.run(SuiteRunnerWorker.java:84)
at org.testng.TestNG.runSuitesSequentially(TestNG.java:1208)
at org.testng.TestNG.runSuitesLocally(TestNG.java:1137)
at org.testng.TestNG.runSuites(TestNG.java:1049)
at org.testng.TestNG.run(TestNG.java:1017)
at org.testng.remote.AbstractRemoteTestNG.run(AbstractRemoteTestNG.java:115)
at org.testng.remote.RemoteTestNG.initAndRun(RemoteTestNG.java:251)
at org.testng.remote.RemoteTestNG.main(RemoteTestNG.java:77)
]]>
            </full-stacktrace>
          </exception> <!-- java.lang.AssertionError -->
          <reporter-output>
          </reporter-output>
        </test-method> <!-- tc3 -->
        <test-method status="PASS" signature="closeBrowser()[pri:0, instance:org.testing.Test2@19d37183]" name="closeBrowser" is-config="true" duration-ms="212" started-at="2023-02-17T08:07:31Z" finished-at="2023-02-17T08:07:31Z">
          <reporter-output>
          </reporter-output>
        </test-method> <!-- closeBrowser -->
        <test-method status="PASS" signature="startBrowser()[pri:0, instance:org.testing.Test2@19d37183]" name="startBrowser" is-config="true" duration-ms="2770" started-at="2023-02-17T08:07:31Z" finished-at="2023-02-17T08:07:34Z">
          <reporter-output>
          </reporter-output>
        </test-method> <!-- startBrowser -->
        <test-method status="PASS" signature="tc5()[pri:0, instance:org.testing.Test2@19d37183]" name="tc5" duration-ms="342" started-at="2023-02-17T08:07:34Z" finished-at="2023-02-17T08:07:35Z">
          <reporter-output>
          </reporter-output>
        </test-method> <!-- tc5 -->
        <test-method status="PASS" signature="closeBrowser()[pri:0, instance:org.testing.Test2@19d37183]" name="closeBrowser" is-config="true" duration-ms="143" started-at="2023-02-17T08:07:35Z" finished-at="2023-02-17T08:07:35Z">
          <reporter-output>
          </reporter-output>
        </test-method> <!-- closeBrowser -->
        <test-method status="PASS" signature="endTime()[pri:0, instance:org.testing.Test2@19d37183]" name="endTime" is-config="true" duration-ms="1" started-at="2023-02-17T08:07:35Z" finished-at="2023-02-17T08:07:35Z">
          <reporter-output>
          </reporter-output>
        </test-method> <!-- endTime -->
      </class> <!-- org.testing.Test2 -->
      <class name="org.testing.Test1">
        <test-method status="PASS" signature="startTime()[pri:0, instance:org.testing.Test1@1a0dcaa]" name="startTime" is-config="true" duration-ms="1" started-at="2023-02-17T08:07:35Z" finished-at="2023-02-17T08:07:35Z">
          <reporter-output>
          </reporter-output>
        </test-method> <!-- startTime -->
        <test-method status="PASS" signature="startBrowser()[pri:0, instance:org.testing.Test1@1a0dcaa]" name="startBrowser" is-config="true" duration-ms="2483" started-at="2023-02-17T08:07:35Z" finished-at="2023-02-17T08:07:37Z">
          <reporter-output>
          </reporter-output>
        </test-method> <!-- startBrowser -->
        <test-method status="PASS" signature="tc1(java.lang.String, java.lang.String)[pri:0, instance:org.testing.Test1@1a0dcaa]" name="tc1" duration-ms="350" started-at="2023-02-17T08:07:37Z" data-provider="datas" finished-at="2023-02-17T08:07:38Z">
          <params>
            <param index="0">
              <value>
                <![CDATA[pragthis@gmail.com]]>
              </value>
            </param>
            <param index="1">
              <value>
                <![CDATA[54566]]>
              </value>
            </param>
          </params>
          <reporter-output>
          </reporter-output>
        </test-method> <!-- tc1 -->
        <test-method status="PASS" signature="closeBrowser()[pri:0, instance:org.testing.Test1@1a0dcaa]" name="closeBrowser" is-config="true" duration-ms="159" started-at="2023-02-17T08:07:38Z" finished-at="2023-02-17T08:07:38Z">
          <reporter-output>
          </reporter-output>
        </test-method> <!-- closeBrowser -->
        <test-method status="PASS" signature="startBrowser()[pri:0, instance:org.testing.Test1@1a0dcaa]" name="startBrowser" is-config="true" duration-ms="2382" started-at="2023-02-17T08:07:38Z" finished-at="2023-02-17T08:07:40Z">
          <reporter-output>
          </reporter-output>
        </test-method> <!-- startBrowser -->
        <test-method status="PASS" signature="tc1(java.lang.String, java.lang.String)[pri:0, instance:org.testing.Test1@1a0dcaa]" name="tc1" duration-ms="335" started-at="2023-02-17T08:07:40Z" data-provider="datas" finished-at="2023-02-17T08:07:40Z">
          <params>
            <param index="0">
              <value>
                <![CDATA[Rakesh@gmail.com]]>
              </value>
            </param>
            <param index="1">
              <value>
                <![CDATA[452665]]>
              </value>
            </param>
          </params>
          <reporter-output>
          </reporter-output>
        </test-method> <!-- tc1 -->
        <test-method status="PASS" signature="closeBrowser()[pri:0, instance:org.testing.Test1@1a0dcaa]" name="closeBrowser" is-config="true" duration-ms="130" started-at="2023-02-17T08:07:40Z" finished-at="2023-02-17T08:07:41Z">
          <reporter-output>
          </reporter-output>
        </test-method> <!-- closeBrowser -->
        <test-method status="PASS" signature="startBrowser()[pri:0, instance:org.testing.Test1@1a0dcaa]" name="startBrowser" is-config="true" duration-ms="2505" started-at="2023-02-17T08:07:41Z" finished-at="2023-02-17T08:07:43Z">
          <reporter-output>
          </reporter-output>
        </test-method> <!-- startBrowser -->
        <test-method status="SKIP" signature="tc2()[pri:0, instance:org.testing.Test1@1a0dcaa]" name="tc2" duration-ms="194" started-at="2023-02-17T08:07:43Z" finished-at="2023-02-17T08:07:43Z">
          <exception class="java.lang.AssertionError">
            <message>
              <![CDATA[The following asserts failed:
expected [hai@gmail.com] but found [[[ChromeDriver: chrome on WINDOWS (22c306a021e08689066041946d645643)] -> id: email]]]]>
            </message>
            <full-stacktrace>
              <![CDATA[java.lang.AssertionError: The following asserts failed:
expected [hai@gmail.com] but found [[[ChromeDriver: chrome on WINDOWS (22c306a021e08689066041946d645643)] -> id: email]]
at org.testng.asserts.SoftAssert.assertAll(SoftAssert.java:43)
at org.testing.Test1.tc2(Test1.java:65)
at sun.reflect.NativeMethodAccessorImpl.invoke0(Native Method)
at sun.reflect.NativeMethodAccessorImpl.invoke(Unknown Source)
at sun.reflect.DelegatingMethodAccessorImpl.invoke(Unknown Source)
at java.lang.reflect.Method.invoke(Unknown Source)
at org.testng.internal.MethodInvocationHelper.invokeMethod(MethodInvocationHelper.java:124)
at org.testng.internal.Invoker.invokeMethod(Invoker.java:583)
at org.testng.internal.Invoker.invokeTestMethod(Invoker.java:719)
at org.testng.internal.Invoker.invokeTestMethods(Invoker.java:989)
at org.testng.internal.TestMethodWorker.invokeTestMethods(TestMethodWorker.java:125)
at org.testng.internal.TestMethodWorker.run(TestMethodWorker.java:109)
at org.testng.TestRunner.privateRun(TestRunner.java:648)
at org.testng.TestRunner.run(TestRunner.java:505)
at org.testng.SuiteRunner.runTest(SuiteRunner.java:455)
at org.testng.SuiteRunner.runSequentially(SuiteRunner.java:450)
at org.testng.SuiteRunner.privateRun(SuiteRunner.java:415)
at org.testng.SuiteRunner.run(SuiteRunner.java:364)
at org.testng.SuiteRunnerWorker.runSuite(SuiteRunnerWorker.java:52)
at org.testng.SuiteRunnerWorker.run(SuiteRunnerWorker.java:84)
at org.testng.TestNG.runSuitesSequentially(TestNG.java:1208)
at org.testng.TestNG.runSuitesLocally(TestNG.java:1137)
at org.testng.TestNG.runSuites(TestNG.java:1049)
at org.testng.TestNG.run(TestNG.java:1017)
at org.testng.remote.AbstractRemoteTestNG.run(AbstractRemoteTestNG.java:115)
at org.testng.remote.RemoteTestNG.initAndRun(RemoteTestNG.java:251)
at org.testng.remote.RemoteTestNG.main(RemoteTestNG.java:77)
]]>
            </full-stacktrace>
          </exception> <!-- java.lang.AssertionError -->
          <reporter-output>
          </reporter-output>
        </test-method> <!-- tc2 -->
        <test-method status="PASS" signature="closeBrowser()[pri:0, instance:org.testing.Test1@1a0dcaa]" name="closeBrowser" is-config="true" duration-ms="164" started-at="2023-02-17T08:07:43Z" finished-at="2023-02-17T08:07:43Z">
          <reporter-output>
          </reporter-output>
        </test-method> <!-- closeBrowser -->
        <test-method status="PASS" signature="startBrowser()[pri:0, instance:org.testing.Test1@1a0dcaa]" name="startBrowser" is-config="true" duration-ms="2483" started-at="2023-02-17T08:07:43Z" finished-at="2023-02-17T08:07:46Z">
          <reporter-output>
          </reporter-output>
        </test-method> <!-- startBrowser -->
        <test-method status="SKIP" signature="tc2()[pri:0, instance:org.testing.Test1@1a0dcaa]" name="tc2" duration-ms="161" started-at="2023-02-17T08:07:46Z" finished-at="2023-02-17T08:07:46Z">
          <exception class="java.lang.AssertionError">
            <message>
              <![CDATA[The following asserts failed:
expected [hai@gmail.com] but found [[[ChromeDriver: chrome on WINDOWS (37d528d4c7ddba8228bbcb5ccacf74f7)] -> id: email]]]]>
            </message>
            <full-stacktrace>
              <![CDATA[java.lang.AssertionError: The following asserts failed:
expected [hai@gmail.com] but found [[[ChromeDriver: chrome on WINDOWS (37d528d4c7ddba8228bbcb5ccacf74f7)] -> id: email]]
at org.testng.asserts.SoftAssert.assertAll(SoftAssert.java:43)
at org.testing.Test1.tc2(Test1.java:65)
at sun.reflect.NativeMethodAccessorImpl.invoke0(Native Method)
at sun.reflect.NativeMethodAccessorImpl.invoke(Unknown Source)
at sun.reflect.DelegatingMethodAccessorImpl.invoke(Unknown Source)
at java.lang.reflect.Method.invoke(Unknown Source)
at org.testng.internal.MethodInvocationHelper.invokeMethod(MethodInvocationHelper.java:124)
at org.testng.internal.Invoker.invokeMethod(Invoker.java:583)
at org.testng.internal.Invoker.retryFailed(Invoker.java:839)
at org.testng.internal.Invoker.invokeTestMethods(Invoker.java:1010)
at org.testng.internal.TestMethodWorker.invokeTestMethods(TestMethodWorker.java:125)
at org.testng.internal.TestMethodWorker.run(TestMethodWorker.java:109)
at org.testng.TestRunner.privateRun(TestRunner.java:648)
at org.testng.TestRunner.run(TestRunner.java:505)
at org.testng.SuiteRunner.runTest(SuiteRunner.java:455)
at org.testng.SuiteRunner.runSequentially(SuiteRunner.java:450)
at org.testng.SuiteRunner.privateRun(SuiteRunner.java:415)
at org.testng.SuiteRunner.run(SuiteRunner.java:364)
at org.testng.SuiteRunnerWorker.runSuite(SuiteRunnerWorker.java:52)
at org.testng.SuiteRunnerWorker.run(SuiteRunnerWorker.java:84)
at org.testng.TestNG.runSuitesSequentially(TestNG.java:1208)
at org.testng.TestNG.runSuitesLocally(TestNG.java:1137)
at org.testng.TestNG.runSuites(TestNG.java:1049)
at org.testng.TestNG.run(TestNG.java:1017)
at org.testng.remote.AbstractRemoteTestNG.run(AbstractRemoteTestNG.java:115)
at org.testng.remote.RemoteTestNG.initAndRun(RemoteTestNG.java:251)
at org.testng.remote.RemoteTestNG.main(RemoteTestNG.java:77)
]]>
            </full-stacktrace>
          </exception> <!-- java.lang.AssertionError -->
          <reporter-output>
          </reporter-output>
        </test-method> <!-- tc2 -->
        <test-method status="PASS" signature="closeBrowser()[pri:0, instance:org.testing.Test1@1a0dcaa]" name="closeBrowser" is-config="true" duration-ms="123" started-at="2023-02-17T08:07:46Z" finished-at="2023-02-17T08:07:46Z">
          <reporter-output>
          </reporter-output>
        </test-method> <!-- closeBrowser -->
        <test-method status="PASS" signature="startBrowser()[pri:0, instance:org.testing.Test1@1a0dcaa]" name="startBrowser" is-config="true" duration-ms="2433" started-at="2023-02-17T08:07:46Z" finished-at="2023-02-17T08:07:49Z">
          <reporter-output>
          </reporter-output>
        </test-method> <!-- startBrowser -->
        <test-method status="FAIL" signature="tc2()[pri:0, instance:org.testing.Test1@1a0dcaa]" name="tc2" duration-ms="195" started-at="2023-02-17T08:07:49Z" finished-at="2023-02-17T08:07:49Z">
          <exception class="java.lang.AssertionError">
            <message>
              <![CDATA[The following asserts failed:
expected [hai@gmail.com] but found [[[ChromeDriver: chrome on WINDOWS (14ebd55a6d6270f745bcdefd8e9af79b)] -> id: email]]]]>
            </message>
            <full-stacktrace>
              <![CDATA[java.lang.AssertionError: The following asserts failed:
expected [hai@gmail.com] but found [[[ChromeDriver: chrome on WINDOWS (14ebd55a6d6270f745bcdefd8e9af79b)] -> id: email]]
at org.testng.asserts.SoftAssert.assertAll(SoftAssert.java:43)
at org.testing.Test1.tc2(Test1.java:65)
at sun.reflect.NativeMethodAccessorImpl.invoke0(Native Method)
at sun.reflect.NativeMethodAccessorImpl.invoke(Unknown Source)
at sun.reflect.DelegatingMethodAccessorImpl.invoke(Unknown Source)
at java.lang.reflect.Method.invoke(Unknown Source)
at org.testng.internal.MethodInvocationHelper.invokeMethod(MethodInvocationHelper.java:124)
at org.testng.internal.Invoker.invokeMethod(Invoker.java:583)
at org.testng.internal.Invoker.retryFailed(Invoker.java:839)
at org.testng.internal.Invoker.invokeTestMethods(Invoker.java:1010)
at org.testng.internal.TestMethodWorker.invokeTestMethods(TestMethodWorker.java:125)
at org.testng.internal.TestMethodWorker.run(TestMethodWorker.java:109)
at org.testng.TestRunner.privateRun(TestRunner.java:648)
at org.testng.TestRunner.run(TestRunner.java:505)
at org.testng.SuiteRunner.runTest(SuiteRunner.java:455)
at org.testng.SuiteRunner.runSequentially(SuiteRunner.java:450)
at org.testng.SuiteRunner.privateRun(SuiteRunner.java:415)
at org.testng.SuiteRunner.run(SuiteRunner.java:364)
at org.testng.SuiteRunnerWorker.runSuite(SuiteRunnerWorker.java:52)
at org.testng.SuiteRunnerWorker.run(SuiteRunnerWorker.java:84)
at org.testng.TestNG.runSuitesSequentially(TestNG.java:1208)
at org.testng.TestNG.runSuitesLocally(TestNG.java:1137)
at org.testng.TestNG.runSuites(TestNG.java:1049)
at org.testng.TestNG.run(TestNG.java:1017)
at org.testng.remote.AbstractRemoteTestNG.run(AbstractRemoteTestNG.java:115)
at org.testng.remote.RemoteTestNG.initAndRun(RemoteTestNG.java:251)
at org.testng.remote.RemoteTestNG.main(RemoteTestNG.java:77)
]]>
            </full-stacktrace>
          </exception> <!-- java.lang.AssertionError -->
          <reporter-output>
          </reporter-output>
        </test-method> <!-- tc2 -->
        <test-method status="PASS" signature="closeBrowser()[pri:0, instance:org.testing.Test1@1a0dcaa]" name="closeBrowser" is-config="true" duration-ms="120" started-at="2023-02-17T08:07:49Z" finished-at="2023-02-17T08:07:49Z">
          <reporter-output>
          </reporter-output>
        </test-method> <!-- closeBrowser -->
        <test-method status="PASS" signature="startBrowser()[pri:0, instance:org.testing.Test1@1a0dcaa]" name="startBrowser" is-config="true" duration-ms="2594" started-at="2023-02-17T08:07:49Z" finished-at="2023-02-17T08:07:52Z">
          <reporter-output>
          </reporter-output>
        </test-method> <!-- startBrowser -->
        <test-method status="PASS" signature="tc3()[pri:0, instance:org.testing.Test1@1a0dcaa]" name="tc3" duration-ms="356" started-at="2023-02-17T08:07:52Z" finished-at="2023-02-17T08:07:52Z">
          <reporter-output>
          </reporter-output>
        </test-method> <!-- tc3 -->
        <test-method status="PASS" signature="closeBrowser()[pri:0, instance:org.testing.Test1@1a0dcaa]" name="closeBrowser" is-config="true" duration-ms="135" started-at="2023-02-17T08:07:52Z" finished-at="2023-02-17T08:07:52Z">
          <reporter-output>
          </reporter-output>
        </test-method> <!-- closeBrowser -->
        <test-method status="PASS" signature="endTime()[pri:0, instance:org.testing.Test1@1a0dcaa]" name="endTime" is-config="true" duration-ms="1" started-at="2023-02-17T08:07:52Z" finished-at="2023-02-17T08:07:52Z">
          <reporter-output>
          </reporter-output>
        </test-method> <!-- endTime -->
      </class> <!-- org.testing.Test1 -->
    </test> <!-- Test -->
  </suite> <!-- Suite -->
</testng-results>
