<?xml version="1.0" encoding="UTF-8"?>
<!-- Generated by org.testng.reporters.JUnitReportReporter -->
<testsuite skipped="2" hostname="DESKTOP-J0GCRCT" name="org.testing.Test2" tests="7" failures="1" timestamp="17 Feb 2023 08:07:52 GMT" time="21.953" errors="0">
  <testcase name="tc3" time="3.128" classname="org.testing.Test2">
    <skipped/>
  </testcase> <!-- tc3 -->
  <testcase name="tc2" time="3.409" classname="org.testing.Test2"/>
  <testcase name="tc3" time="3.662" classname="org.testing.Test2">
    <skipped/>
  </testcase> <!-- tc3 -->
  <testcase name="tc2" time="2.912" classname="org.testing.Test2"/>
  <testcase name="tc1" time="3.077" classname="org.testing.Test2"/>
  <testcase name="tc5" time="2.949" classname="org.testing.Test2"/>
  <testcase name="tc3" time="2.816" classname="org.testing.Test2">
    <failure type="java.lang.AssertionError" message="The following asserts failed:
	expected [hai@gmail.com] but found [[[ChromeDriver: chrome on WINDOWS (baf574c943aad5d77f6ad8dee10d334f)] -&gt; id: email]]">
      <![CDATA[java.lang.AssertionError: The following asserts failed:
expected [hai@gmail.com] but found [[[ChromeDriver: chrome on WINDOWS (baf574c943aad5d77f6ad8dee10d334f)] -> id: email]]
at org.testng.asserts.SoftAssert.assertAll(SoftAssert.java:43)
at org.testing.Test2.tc3(Test2.java:65)
at sun.reflect.NativeMethodAccessorImpl.invoke0(Native Method)
at sun.reflect.NativeMethodAccessorImpl.invoke(Unknown Source)
at sun.reflect.DelegatingMethodAccessorImpl.invoke(Unknown Source)
at java.lang.reflect.Method.invoke(Unknown Source)
at org.testng.internal.MethodInvocationHelper.invokeMethod(MethodInvocationHelper.java:124)
at org.testng.internal.Invoker.invokeMethod(Invoker.java:583)
at org.testng.internal.Invoker.retryFailed(Invoker.java:839)
at org.testng.internal.Invoker.invokeTestMethods(Invoker.java:1010)
at org.testng.internal.TestMethodWorker.invokeTestMethods(TestMethodWorker.java:125)
at org.testng.internal.TestMethodWorker.run(TestMethodWorker.java:109)
at org.testng.TestRunner.privateRun(TestRunner.java:648)
at org.testng.TestRunner.run(TestRunner.java:505)
at org.testng.SuiteRunner.runTest(SuiteRunner.java:455)
at org.testng.SuiteRunner.runSequentially(SuiteRunner.java:450)
at org.testng.SuiteRunner.privateRun(SuiteRunner.java:415)
at org.testng.SuiteRunner.run(SuiteRunner.java:364)
at org.testng.SuiteRunnerWorker.runSuite(SuiteRunnerWorker.java:52)
at org.testng.SuiteRunnerWorker.run(SuiteRunnerWorker.java:84)
at org.testng.TestNG.runSuitesSequentially(TestNG.java:1208)
at org.testng.TestNG.runSuitesLocally(TestNG.java:1137)
at org.testng.TestNG.runSuites(TestNG.java:1049)
at org.testng.TestNG.run(TestNG.java:1017)
at org.testng.remote.AbstractRemoteTestNG.run(AbstractRemoteTestNG.java:115)
at org.testng.remote.RemoteTestNG.initAndRun(RemoteTestNG.java:251)
at org.testng.remote.RemoteTestNG.main(RemoteTestNG.java:77)
]]>
    </failure>
  </testcase> <!-- tc3 -->
</testsuite> <!-- org.testing.Test2 -->
